<?xml version="1.0" encoding="UTF-8"?>
<testsuite name="com.flow.blockfileextension.test.TestCode" tests="1" skipped="0" failures="0" errors="0" timestamp="2024-08-20T01:13:50" hostname="DESKTOP-3UNCL43" time="1.823">
  <properties/>
  <testcase name="saveMultipleCustomExtensions()" classname="com.flow.blockfileextension.test.TestCode" time="1.823"/>
  <system-out><![CDATA[10:13:43.424 [Test worker] INFO org.springframework.test.context.support.AnnotationConfigContextLoaderUtils -- Could not detect default configuration classes for test class [com.flow.blockfileextension.test.TestCode]: TestCode does not declare any static, non-private, non-final, nested classes annotated with @Configuration.
10:13:43.576 [Test worker] INFO org.springframework.boot.test.context.SpringBootTestContextBootstrapper -- Found @SpringBootConfiguration com.flow.blockfileextension.BlockfileextensionApplication for test class com.flow.blockfileextension.test.TestCode

  .   ____          _            __ _ _
 /\\ / ___'_ __ _ _(_)_ __  __ _ \ \ \ \
( ( )\___ | '_ | '_| | '_ \/ _` | \ \ \ \
 \\/  ___)| |_)| | | | | || (_| |  ) ) ) )
  '  |____| .__|_| |_|_| |_\__, | / / / /
 =========|_|==============|___/=/_/_/_/

 :: Spring Boot ::                (v3.3.2)

2024-08-20T10:13:44.200+09:00  INFO 13992 --- [blockfileextension] [    Test worker] c.flow.blockfileextension.test.TestCode  : Starting TestCode using Java 17.0.12 with PID 13992 (started by namji in C:\WorkSpace\blockfileextension)
2024-08-20T10:13:44.201+09:00  INFO 13992 --- [blockfileextension] [    Test worker] c.flow.blockfileextension.test.TestCode  : The following 1 profile is active: "dev"
2024-08-20T10:13:45.360+09:00  INFO 13992 --- [blockfileextension] [    Test worker] .s.d.r.c.RepositoryConfigurationDelegate : Bootstrapping Spring Data JPA repositories in DEFAULT mode.
2024-08-20T10:13:45.453+09:00  INFO 13992 --- [blockfileextension] [    Test worker] .s.d.r.c.RepositoryConfigurationDelegate : Finished Spring Data repository scanning in 80 ms. Found 2 JPA repository interfaces.
2024-08-20T10:13:46.170+09:00  INFO 13992 --- [blockfileextension] [    Test worker] o.hibernate.jpa.internal.util.LogHelper  : HHH000204: Processing PersistenceUnitInfo [name: default]
2024-08-20T10:13:46.278+09:00  INFO 13992 --- [blockfileextension] [    Test worker] org.hibernate.Version                    : HHH000412: Hibernate ORM core version 6.5.2.Final
2024-08-20T10:13:46.337+09:00  INFO 13992 --- [blockfileextension] [    Test worker] o.h.c.internal.RegionFactoryInitiator    : HHH000026: Second-level cache disabled
2024-08-20T10:13:46.908+09:00  INFO 13992 --- [blockfileextension] [    Test worker] o.s.o.j.p.SpringPersistenceUnitInfo      : No LoadTimeWeaver setup: ignoring JPA class transformer
2024-08-20T10:13:46.957+09:00  INFO 13992 --- [blockfileextension] [    Test worker] com.zaxxer.hikari.HikariDataSource       : HikariPool-1 - Starting...
2024-08-20T10:13:47.366+09:00  INFO 13992 --- [blockfileextension] [    Test worker] com.zaxxer.hikari.pool.HikariPool        : HikariPool-1 - Added connection com.mysql.cj.jdbc.ConnectionImpl@22c29aa8
2024-08-20T10:13:47.369+09:00  INFO 13992 --- [blockfileextension] [    Test worker] com.zaxxer.hikari.HikariDataSource       : HikariPool-1 - Start completed.
2024-08-20T10:13:48.803+09:00  INFO 13992 --- [blockfileextension] [    Test worker] o.h.e.t.j.p.i.JtaPlatformInitiator       : HHH000489: No JTA platform available (set 'hibernate.transaction.jta.platform' to enable JTA platform integration)
2024-08-20T10:13:48.872+09:00  INFO 13992 --- [blockfileextension] [    Test worker] j.LocalContainerEntityManagerFactoryBean : Initialized JPA EntityManagerFactory for persistence unit 'default'
2024-08-20T10:13:49.506+09:00  WARN 13992 --- [blockfileextension] [    Test worker] JpaBaseConfiguration$JpaWebConfiguration : spring.jpa.open-in-view is enabled by default. Therefore, database queries may be performed during view rendering. Explicitly configure spring.jpa.open-in-view to disable this warning
2024-08-20T10:13:49.539+09:00  INFO 13992 --- [blockfileextension] [    Test worker] o.s.b.a.w.s.WelcomePageHandlerMapping    : Adding welcome page template: index
2024-08-20T10:13:50.108+09:00  INFO 13992 --- [blockfileextension] [    Test worker] c.flow.blockfileextension.test.TestCode  : Started TestCode in 6.288 seconds (process running for 7.993)
Hibernate: 
    /* insert for
        com.flow.blockfileextension.entity.CustomExtension */insert 
    into
        custom_extension (custom_extension_name) 
    values
        (?)
Hibernate: 
    /* insert for
        com.flow.blockfileextension.entity.CustomExtension */insert 
    into
        custom_extension (custom_extension_name) 
    values
        (?)
Hibernate: 
    /* insert for
        com.flow.blockfileextension.entity.CustomExtension */insert 
    into
        custom_extension (custom_extension_name) 
    values
        (?)
Hibernate: 
    /* insert for
        com.flow.blockfileextension.entity.CustomExtension */insert 
    into
        custom_extension (custom_extension_name) 
    values
        (?)
Hibernate: 
    /* insert for
        com.flow.blockfileextension.entity.CustomExtension */insert 
    into
        custom_extension (custom_extension_name) 
    values
        (?)
Hibernate: 
    /* insert for
        com.flow.blockfileextension.entity.CustomExtension */insert 
    into
        custom_extension (custom_extension_name) 
    values
        (?)
Hibernate: 
    /* insert for
        com.flow.blockfileextension.entity.CustomExtension */insert 
    into
        custom_extension (custom_extension_name) 
    values
        (?)
Hibernate: 
    /* insert for
        com.flow.blockfileextension.entity.CustomExtension */insert 
    into
        custom_extension (custom_extension_name) 
    values
        (?)
Hibernate: 
    /* insert for
        com.flow.blockfileextension.entity.CustomExtension */insert 
    into
        custom_extension (custom_extension_name) 
    values
        (?)
Hibernate: 
    /* insert for
        com.flow.blockfileextension.entity.CustomExtension */insert 
    into
        custom_extension (custom_extension_name) 
    values
        (?)
Hibernate: 
    /* insert for
        com.flow.blockfileextension.entity.CustomExtension */insert 
    into
        custom_extension (custom_extension_name) 
    values
        (?)
Hibernate: 
    /* insert for
        com.flow.blockfileextension.entity.CustomExtension */insert 
    into
        custom_extension (custom_extension_name) 
    values
        (?)
Hibernate: 
    /* insert for
        com.flow.blockfileextension.entity.CustomExtension */insert 
    into
        custom_extension (custom_extension_name) 
    values
        (?)
Hibernate: 
    /* insert for
        com.flow.blockfileextension.entity.CustomExtension */insert 
    into
        custom_extension (custom_extension_name) 
    values
        (?)
Hibernate: 
    /* insert for
        com.flow.blockfileextension.entity.CustomExtension */insert 
    into
        custom_extension (custom_extension_name) 
    values
        (?)
Hibernate: 
    /* insert for
        com.flow.blockfileextension.entity.CustomExtension */insert 
    into
        custom_extension (custom_extension_name) 
    values
        (?)
Hibernate: 
    /* insert for
        com.flow.blockfileextension.entity.CustomExtension */insert 
    into
        custom_extension (custom_extension_name) 
    values
        (?)
Hibernate: 
    /* insert for
        com.flow.blockfileextension.entity.CustomExtension */insert 
    into
        custom_extension (custom_extension_name) 
    values
        (?)
Hibernate: 
    /* insert for
        com.flow.blockfileextension.entity.CustomExtension */insert 
    into
        custom_extension (custom_extension_name) 
    values
        (?)
Hibernate: 
    /* insert for
        com.flow.blockfileextension.entity.CustomExtension */insert 
    into
        custom_extension (custom_extension_name) 
    values
        (?)
Hibernate: 
    /* insert for
        com.flow.blockfileextension.entity.CustomExtension */insert 
    into
        custom_extension (custom_extension_name) 
    values
        (?)
Hibernate: 
    /* insert for
        com.flow.blockfileextension.entity.CustomExtension */insert 
    into
        custom_extension (custom_extension_name) 
    values
        (?)
Hibernate: 
    /* insert for
        com.flow.blockfileextension.entity.CustomExtension */insert 
    into
        custom_extension (custom_extension_name) 
    values
        (?)
Hibernate: 
    /* insert for
        com.flow.blockfileextension.entity.CustomExtension */insert 
    into
        custom_extension (custom_extension_name) 
    values
        (?)
Hibernate: 
    /* insert for
        com.flow.blockfileextension.entity.CustomExtension */insert 
    into
        custom_extension (custom_extension_name) 
    values
        (?)
Hibernate: 
    /* insert for
        com.flow.blockfileextension.entity.CustomExtension */insert 
    into
        custom_extension (custom_extension_name) 
    values
        (?)
Hibernate: 
    /* insert for
        com.flow.blockfileextension.entity.CustomExtension */insert 
    into
        custom_extension (custom_extension_name) 
    values
        (?)
Hibernate: 
    /* insert for
        com.flow.blockfileextension.entity.CustomExtension */insert 
    into
        custom_extension (custom_extension_name) 
    values
        (?)
Hibernate: 
    /* insert for
        com.flow.blockfileextension.entity.CustomExtension */insert 
    into
        custom_extension (custom_extension_name) 
    values
        (?)
Hibernate: 
    /* insert for
        com.flow.blockfileextension.entity.CustomExtension */insert 
    into
        custom_extension (custom_extension_name) 
    values
        (?)
Hibernate: 
    /* insert for
        com.flow.blockfileextension.entity.CustomExtension */insert 
    into
        custom_extension (custom_extension_name) 
    values
        (?)
Hibernate: 
    /* insert for
        com.flow.blockfileextension.entity.CustomExtension */insert 
    into
        custom_extension (custom_extension_name) 
    values
        (?)
Hibernate: 
    /* insert for
        com.flow.blockfileextension.entity.CustomExtension */insert 
    into
        custom_extension (custom_extension_name) 
    values
        (?)
Hibernate: 
    /* insert for
        com.flow.blockfileextension.entity.CustomExtension */insert 
    into
        custom_extension (custom_extension_name) 
    values
        (?)
Hibernate: 
    /* insert for
        com.flow.blockfileextension.entity.CustomExtension */insert 
    into
        custom_extension (custom_extension_name) 
    values
        (?)
Hibernate: 
    /* insert for
        com.flow.blockfileextension.entity.CustomExtension */insert 
    into
        custom_extension (custom_extension_name) 
    values
        (?)
Hibernate: 
    /* insert for
        com.flow.blockfileextension.entity.CustomExtension */insert 
    into
        custom_extension (custom_extension_name) 
    values
        (?)
Hibernate: 
    /* insert for
        com.flow.blockfileextension.entity.CustomExtension */insert 
    into
        custom_extension (custom_extension_name) 
    values
        (?)
Hibernate: 
    /* insert for
        com.flow.blockfileextension.entity.CustomExtension */insert 
    into
        custom_extension (custom_extension_name) 
    values
        (?)
Hibernate: 
    /* insert for
        com.flow.blockfileextension.entity.CustomExtension */insert 
    into
        custom_extension (custom_extension_name) 
    values
        (?)
Hibernate: 
    /* insert for
        com.flow.blockfileextension.entity.CustomExtension */insert 
    into
        custom_extension (custom_extension_name) 
    values
        (?)
Hibernate: 
    /* insert for
        com.flow.blockfileextension.entity.CustomExtension */insert 
    into
        custom_extension (custom_extension_name) 
    values
        (?)
Hibernate: 
    /* insert for
        com.flow.blockfileextension.entity.CustomExtension */insert 
    into
        custom_extension (custom_extension_name) 
    values
        (?)
Hibernate: 
    /* insert for
        com.flow.blockfileextension.entity.CustomExtension */insert 
    into
        custom_extension (custom_extension_name) 
    values
        (?)
Hibernate: 
    /* insert for
        com.flow.blockfileextension.entity.CustomExtension */insert 
    into
        custom_extension (custom_extension_name) 
    values
        (?)
Hibernate: 
    /* insert for
        com.flow.blockfileextension.entity.CustomExtension */insert 
    into
        custom_extension (custom_extension_name) 
    values
        (?)
Hibernate: 
    /* insert for
        com.flow.blockfileextension.entity.CustomExtension */insert 
    into
        custom_extension (custom_extension_name) 
    values
        (?)
Hibernate: 
    /* insert for
        com.flow.blockfileextension.entity.CustomExtension */insert 
    into
        custom_extension (custom_extension_name) 
    values
        (?)
Hibernate: 
    /* insert for
        com.flow.blockfileextension.entity.CustomExtension */insert 
    into
        custom_extension (custom_extension_name) 
    values
        (?)
Hibernate: 
    /* insert for
        com.flow.blockfileextension.entity.CustomExtension */insert 
    into
        custom_extension (custom_extension_name) 
    values
        (?)
Hibernate: 
    /* insert for
        com.flow.blockfileextension.entity.CustomExtension */insert 
    into
        custom_extension (custom_extension_name) 
    values
        (?)
Hibernate: 
    /* insert for
        com.flow.blockfileextension.entity.CustomExtension */insert 
    into
        custom_extension (custom_extension_name) 
    values
        (?)
Hibernate: 
    /* insert for
        com.flow.blockfileextension.entity.CustomExtension */insert 
    into
        custom_extension (custom_extension_name) 
    values
        (?)
Hibernate: 
    /* insert for
        com.flow.blockfileextension.entity.CustomExtension */insert 
    into
        custom_extension (custom_extension_name) 
    values
        (?)
Hibernate: 
    /* insert for
        com.flow.blockfileextension.entity.CustomExtension */insert 
    into
        custom_extension (custom_extension_name) 
    values
        (?)
Hibernate: 
    /* insert for
        com.flow.blockfileextension.entity.CustomExtension */insert 
    into
        custom_extension (custom_extension_name) 
    values
        (?)
Hibernate: 
    /* insert for
        com.flow.blockfileextension.entity.CustomExtension */insert 
    into
        custom_extension (custom_extension_name) 
    values
        (?)
Hibernate: 
    /* insert for
        com.flow.blockfileextension.entity.CustomExtension */insert 
    into
        custom_extension (custom_extension_name) 
    values
        (?)
Hibernate: 
    /* insert for
        com.flow.blockfileextension.entity.CustomExtension */insert 
    into
        custom_extension (custom_extension_name) 
    values
        (?)
Hibernate: 
    /* insert for
        com.flow.blockfileextension.entity.CustomExtension */insert 
    into
        custom_extension (custom_extension_name) 
    values
        (?)
Hibernate: 
    /* insert for
        com.flow.blockfileextension.entity.CustomExtension */insert 
    into
        custom_extension (custom_extension_name) 
    values
        (?)
Hibernate: 
    /* insert for
        com.flow.blockfileextension.entity.CustomExtension */insert 
    into
        custom_extension (custom_extension_name) 
    values
        (?)
Hibernate: 
    /* insert for
        com.flow.blockfileextension.entity.CustomExtension */insert 
    into
        custom_extension (custom_extension_name) 
    values
        (?)
Hibernate: 
    /* insert for
        com.flow.blockfileextension.entity.CustomExtension */insert 
    into
        custom_extension (custom_extension_name) 
    values
        (?)
Hibernate: 
    /* insert for
        com.flow.blockfileextension.entity.CustomExtension */insert 
    into
        custom_extension (custom_extension_name) 
    values
        (?)
Hibernate: 
    /* insert for
        com.flow.blockfileextension.entity.CustomExtension */insert 
    into
        custom_extension (custom_extension_name) 
    values
        (?)
Hibernate: 
    /* insert for
        com.flow.blockfileextension.entity.CustomExtension */insert 
    into
        custom_extension (custom_extension_name) 
    values
        (?)
Hibernate: 
    /* insert for
        com.flow.blockfileextension.entity.CustomExtension */insert 
    into
        custom_extension (custom_extension_name) 
    values
        (?)
Hibernate: 
    /* insert for
        com.flow.blockfileextension.entity.CustomExtension */insert 
    into
        custom_extension (custom_extension_name) 
    values
        (?)
Hibernate: 
    /* insert for
        com.flow.blockfileextension.entity.CustomExtension */insert 
    into
        custom_extension (custom_extension_name) 
    values
        (?)
Hibernate: 
    /* insert for
        com.flow.blockfileextension.entity.CustomExtension */insert 
    into
        custom_extension (custom_extension_name) 
    values
        (?)
Hibernate: 
    /* insert for
        com.flow.blockfileextension.entity.CustomExtension */insert 
    into
        custom_extension (custom_extension_name) 
    values
        (?)
Hibernate: 
    /* insert for
        com.flow.blockfileextension.entity.CustomExtension */insert 
    into
        custom_extension (custom_extension_name) 
    values
        (?)
Hibernate: 
    /* insert for
        com.flow.blockfileextension.entity.CustomExtension */insert 
    into
        custom_extension (custom_extension_name) 
    values
        (?)
Hibernate: 
    /* insert for
        com.flow.blockfileextension.entity.CustomExtension */insert 
    into
        custom_extension (custom_extension_name) 
    values
        (?)
Hibernate: 
    /* insert for
        com.flow.blockfileextension.entity.CustomExtension */insert 
    into
        custom_extension (custom_extension_name) 
    values
        (?)
Hibernate: 
    /* insert for
        com.flow.blockfileextension.entity.CustomExtension */insert 
    into
        custom_extension (custom_extension_name) 
    values
        (?)
Hibernate: 
    /* insert for
        com.flow.blockfileextension.entity.CustomExtension */insert 
    into
        custom_extension (custom_extension_name) 
    values
        (?)
Hibernate: 
    /* insert for
        com.flow.blockfileextension.entity.CustomExtension */insert 
    into
        custom_extension (custom_extension_name) 
    values
        (?)
Hibernate: 
    /* insert for
        com.flow.blockfileextension.entity.CustomExtension */insert 
    into
        custom_extension (custom_extension_name) 
    values
        (?)
Hibernate: 
    /* insert for
        com.flow.blockfileextension.entity.CustomExtension */insert 
    into
        custom_extension (custom_extension_name) 
    values
        (?)
Hibernate: 
    /* insert for
        com.flow.blockfileextension.entity.CustomExtension */insert 
    into
        custom_extension (custom_extension_name) 
    values
        (?)
Hibernate: 
    /* insert for
        com.flow.blockfileextension.entity.CustomExtension */insert 
    into
        custom_extension (custom_extension_name) 
    values
        (?)
Hibernate: 
    /* insert for
        com.flow.blockfileextension.entity.CustomExtension */insert 
    into
        custom_extension (custom_extension_name) 
    values
        (?)
Hibernate: 
    /* insert for
        com.flow.blockfileextension.entity.CustomExtension */insert 
    into
        custom_extension (custom_extension_name) 
    values
        (?)
Hibernate: 
    /* insert for
        com.flow.blockfileextension.entity.CustomExtension */insert 
    into
        custom_extension (custom_extension_name) 
    values
        (?)
Hibernate: 
    /* insert for
        com.flow.blockfileextension.entity.CustomExtension */insert 
    into
        custom_extension (custom_extension_name) 
    values
        (?)
Hibernate: 
    /* insert for
        com.flow.blockfileextension.entity.CustomExtension */insert 
    into
        custom_extension (custom_extension_name) 
    values
        (?)
Hibernate: 
    /* insert for
        com.flow.blockfileextension.entity.CustomExtension */insert 
    into
        custom_extension (custom_extension_name) 
    values
        (?)
Hibernate: 
    /* insert for
        com.flow.blockfileextension.entity.CustomExtension */insert 
    into
        custom_extension (custom_extension_name) 
    values
        (?)
Hibernate: 
    /* insert for
        com.flow.blockfileextension.entity.CustomExtension */insert 
    into
        custom_extension (custom_extension_name) 
    values
        (?)
Hibernate: 
    /* insert for
        com.flow.blockfileextension.entity.CustomExtension */insert 
    into
        custom_extension (custom_extension_name) 
    values
        (?)
Hibernate: 
    /* insert for
        com.flow.blockfileextension.entity.CustomExtension */insert 
    into
        custom_extension (custom_extension_name) 
    values
        (?)
Hibernate: 
    /* insert for
        com.flow.blockfileextension.entity.CustomExtension */insert 
    into
        custom_extension (custom_extension_name) 
    values
        (?)
Hibernate: 
    /* insert for
        com.flow.blockfileextension.entity.CustomExtension */insert 
    into
        custom_extension (custom_extension_name) 
    values
        (?)
Hibernate: 
    /* insert for
        com.flow.blockfileextension.entity.CustomExtension */insert 
    into
        custom_extension (custom_extension_name) 
    values
        (?)
Hibernate: 
    /* insert for
        com.flow.blockfileextension.entity.CustomExtension */insert 
    into
        custom_extension (custom_extension_name) 
    values
        (?)
Hibernate: 
    /* insert for
        com.flow.blockfileextension.entity.CustomExtension */insert 
    into
        custom_extension (custom_extension_name) 
    values
        (?)
Hibernate: 
    /* insert for
        com.flow.blockfileextension.entity.CustomExtension */insert 
    into
        custom_extension (custom_extension_name) 
    values
        (?)
Hibernate: 
    /* insert for
        com.flow.blockfileextension.entity.CustomExtension */insert 
    into
        custom_extension (custom_extension_name) 
    values
        (?)
Hibernate: 
    /* insert for
        com.flow.blockfileextension.entity.CustomExtension */insert 
    into
        custom_extension (custom_extension_name) 
    values
        (?)
Hibernate: 
    /* insert for
        com.flow.blockfileextension.entity.CustomExtension */insert 
    into
        custom_extension (custom_extension_name) 
    values
        (?)
Hibernate: 
    /* insert for
        com.flow.blockfileextension.entity.CustomExtension */insert 
    into
        custom_extension (custom_extension_name) 
    values
        (?)
Hibernate: 
    /* insert for
        com.flow.blockfileextension.entity.CustomExtension */insert 
    into
        custom_extension (custom_extension_name) 
    values
        (?)
Hibernate: 
    /* insert for
        com.flow.blockfileextension.entity.CustomExtension */insert 
    into
        custom_extension (custom_extension_name) 
    values
        (?)
Hibernate: 
    /* insert for
        com.flow.blockfileextension.entity.CustomExtension */insert 
    into
        custom_extension (custom_extension_name) 
    values
        (?)
Hibernate: 
    /* insert for
        com.flow.blockfileextension.entity.CustomExtension */insert 
    into
        custom_extension (custom_extension_name) 
    values
        (?)
Hibernate: 
    /* insert for
        com.flow.blockfileextension.entity.CustomExtension */insert 
    into
        custom_extension (custom_extension_name) 
    values
        (?)
Hibernate: 
    /* insert for
        com.flow.blockfileextension.entity.CustomExtension */insert 
    into
        custom_extension (custom_extension_name) 
    values
        (?)
Hibernate: 
    /* insert for
        com.flow.blockfileextension.entity.CustomExtension */insert 
    into
        custom_extension (custom_extension_name) 
    values
        (?)
Hibernate: 
    /* insert for
        com.flow.blockfileextension.entity.CustomExtension */insert 
    into
        custom_extension (custom_extension_name) 
    values
        (?)
Hibernate: 
    /* insert for
        com.flow.blockfileextension.entity.CustomExtension */insert 
    into
        custom_extension (custom_extension_name) 
    values
        (?)
Hibernate: 
    /* insert for
        com.flow.blockfileextension.entity.CustomExtension */insert 
    into
        custom_extension (custom_extension_name) 
    values
        (?)
Hibernate: 
    /* insert for
        com.flow.blockfileextension.entity.CustomExtension */insert 
    into
        custom_extension (custom_extension_name) 
    values
        (?)
Hibernate: 
    /* insert for
        com.flow.blockfileextension.entity.CustomExtension */insert 
    into
        custom_extension (custom_extension_name) 
    values
        (?)
Hibernate: 
    /* insert for
        com.flow.blockfileextension.entity.CustomExtension */insert 
    into
        custom_extension (custom_extension_name) 
    values
        (?)
Hibernate: 
    /* insert for
        com.flow.blockfileextension.entity.CustomExtension */insert 
    into
        custom_extension (custom_extension_name) 
    values
        (?)
Hibernate: 
    /* insert for
        com.flow.blockfileextension.entity.CustomExtension */insert 
    into
        custom_extension (custom_extension_name) 
    values
        (?)
Hibernate: 
    /* insert for
        com.flow.blockfileextension.entity.CustomExtension */insert 
    into
        custom_extension (custom_extension_name) 
    values
        (?)
Hibernate: 
    /* insert for
        com.flow.blockfileextension.entity.CustomExtension */insert 
    into
        custom_extension (custom_extension_name) 
    values
        (?)
Hibernate: 
    /* insert for
        com.flow.blockfileextension.entity.CustomExtension */insert 
    into
        custom_extension (custom_extension_name) 
    values
        (?)
Hibernate: 
    /* insert for
        com.flow.blockfileextension.entity.CustomExtension */insert 
    into
        custom_extension (custom_extension_name) 
    values
        (?)
Hibernate: 
    /* insert for
        com.flow.blockfileextension.entity.CustomExtension */insert 
    into
        custom_extension (custom_extension_name) 
    values
        (?)
Hibernate: 
    /* insert for
        com.flow.blockfileextension.entity.CustomExtension */insert 
    into
        custom_extension (custom_extension_name) 
    values
        (?)
Hibernate: 
    /* insert for
        com.flow.blockfileextension.entity.CustomExtension */insert 
    into
        custom_extension (custom_extension_name) 
    values
        (?)
Hibernate: 
    /* insert for
        com.flow.blockfileextension.entity.CustomExtension */insert 
    into
        custom_extension (custom_extension_name) 
    values
        (?)
Hibernate: 
    /* insert for
        com.flow.blockfileextension.entity.CustomExtension */insert 
    into
        custom_extension (custom_extension_name) 
    values
        (?)
Hibernate: 
    /* insert for
        com.flow.blockfileextension.entity.CustomExtension */insert 
    into
        custom_extension (custom_extension_name) 
    values
        (?)
Hibernate: 
    /* insert for
        com.flow.blockfileextension.entity.CustomExtension */insert 
    into
        custom_extension (custom_extension_name) 
    values
        (?)
Hibernate: 
    /* insert for
        com.flow.blockfileextension.entity.CustomExtension */insert 
    into
        custom_extension (custom_extension_name) 
    values
        (?)
Hibernate: 
    /* insert for
        com.flow.blockfileextension.entity.CustomExtension */insert 
    into
        custom_extension (custom_extension_name) 
    values
        (?)
Hibernate: 
    /* insert for
        com.flow.blockfileextension.entity.CustomExtension */insert 
    into
        custom_extension (custom_extension_name) 
    values
        (?)
Hibernate: 
    /* insert for
        com.flow.blockfileextension.entity.CustomExtension */insert 
    into
        custom_extension (custom_extension_name) 
    values
        (?)
Hibernate: 
    /* insert for
        com.flow.blockfileextension.entity.CustomExtension */insert 
    into
        custom_extension (custom_extension_name) 
    values
        (?)
Hibernate: 
    /* insert for
        com.flow.blockfileextension.entity.CustomExtension */insert 
    into
        custom_extension (custom_extension_name) 
    values
        (?)
Hibernate: 
    /* insert for
        com.flow.blockfileextension.entity.CustomExtension */insert 
    into
        custom_extension (custom_extension_name) 
    values
        (?)
Hibernate: 
    /* insert for
        com.flow.blockfileextension.entity.CustomExtension */insert 
    into
        custom_extension (custom_extension_name) 
    values
        (?)
Hibernate: 
    /* insert for
        com.flow.blockfileextension.entity.CustomExtension */insert 
    into
        custom_extension (custom_extension_name) 
    values
        (?)
Hibernate: 
    /* insert for
        com.flow.blockfileextension.entity.CustomExtension */insert 
    into
        custom_extension (custom_extension_name) 
    values
        (?)
Hibernate: 
    /* insert for
        com.flow.blockfileextension.entity.CustomExtension */insert 
    into
        custom_extension (custom_extension_name) 
    values
        (?)
Hibernate: 
    /* insert for
        com.flow.blockfileextension.entity.CustomExtension */insert 
    into
        custom_extension (custom_extension_name) 
    values
        (?)
Hibernate: 
    /* insert for
        com.flow.blockfileextension.entity.CustomExtension */insert 
    into
        custom_extension (custom_extension_name) 
    values
        (?)
Hibernate: 
    /* insert for
        com.flow.blockfileextension.entity.CustomExtension */insert 
    into
        custom_extension (custom_extension_name) 
    values
        (?)
Hibernate: 
    /* insert for
        com.flow.blockfileextension.entity.CustomExtension */insert 
    into
        custom_extension (custom_extension_name) 
    values
        (?)
Hibernate: 
    /* insert for
        com.flow.blockfileextension.entity.CustomExtension */insert 
    into
        custom_extension (custom_extension_name) 
    values
        (?)
Hibernate: 
    /* insert for
        com.flow.blockfileextension.entity.CustomExtension */insert 
    into
        custom_extension (custom_extension_name) 
    values
        (?)
Hibernate: 
    /* insert for
        com.flow.blockfileextension.entity.CustomExtension */insert 
    into
        custom_extension (custom_extension_name) 
    values
        (?)
Hibernate: 
    /* insert for
        com.flow.blockfileextension.entity.CustomExtension */insert 
    into
        custom_extension (custom_extension_name) 
    values
        (?)
Hibernate: 
    /* insert for
        com.flow.blockfileextension.entity.CustomExtension */insert 
    into
        custom_extension (custom_extension_name) 
    values
        (?)
Hibernate: 
    /* insert for
        com.flow.blockfileextension.entity.CustomExtension */insert 
    into
        custom_extension (custom_extension_name) 
    values
        (?)
Hibernate: 
    /* insert for
        com.flow.blockfileextension.entity.CustomExtension */insert 
    into
        custom_extension (custom_extension_name) 
    values
        (?)
Hibernate: 
    /* insert for
        com.flow.blockfileextension.entity.CustomExtension */insert 
    into
        custom_extension (custom_extension_name) 
    values
        (?)
Hibernate: 
    /* insert for
        com.flow.blockfileextension.entity.CustomExtension */insert 
    into
        custom_extension (custom_extension_name) 
    values
        (?)
Hibernate: 
    /* insert for
        com.flow.blockfileextension.entity.CustomExtension */insert 
    into
        custom_extension (custom_extension_name) 
    values
        (?)
Hibernate: 
    /* insert for
        com.flow.blockfileextension.entity.CustomExtension */insert 
    into
        custom_extension (custom_extension_name) 
    values
        (?)
Hibernate: 
    /* insert for
        com.flow.blockfileextension.entity.CustomExtension */insert 
    into
        custom_extension (custom_extension_name) 
    values
        (?)
Hibernate: 
    /* insert for
        com.flow.blockfileextension.entity.CustomExtension */insert 
    into
        custom_extension (custom_extension_name) 
    values
        (?)
Hibernate: 
    /* insert for
        com.flow.blockfileextension.entity.CustomExtension */insert 
    into
        custom_extension (custom_extension_name) 
    values
        (?)
Hibernate: 
    /* insert for
        com.flow.blockfileextension.entity.CustomExtension */insert 
    into
        custom_extension (custom_extension_name) 
    values
        (?)
Hibernate: 
    /* insert for
        com.flow.blockfileextension.entity.CustomExtension */insert 
    into
        custom_extension (custom_extension_name) 
    values
        (?)
Hibernate: 
    /* insert for
        com.flow.blockfileextension.entity.CustomExtension */insert 
    into
        custom_extension (custom_extension_name) 
    values
        (?)
Hibernate: 
    /* insert for
        com.flow.blockfileextension.entity.CustomExtension */insert 
    into
        custom_extension (custom_extension_name) 
    values
        (?)
Hibernate: 
    /* insert for
        com.flow.blockfileextension.entity.CustomExtension */insert 
    into
        custom_extension (custom_extension_name) 
    values
        (?)
Hibernate: 
    /* insert for
        com.flow.blockfileextension.entity.CustomExtension */insert 
    into
        custom_extension (custom_extension_name) 
    values
        (?)
Hibernate: 
    /* insert for
        com.flow.blockfileextension.entity.CustomExtension */insert 
    into
        custom_extension (custom_extension_name) 
    values
        (?)
Hibernate: 
    /* insert for
        com.flow.blockfileextension.entity.CustomExtension */insert 
    into
        custom_extension (custom_extension_name) 
    values
        (?)
Hibernate: 
    /* insert for
        com.flow.blockfileextension.entity.CustomExtension */insert 
    into
        custom_extension (custom_extension_name) 
    values
        (?)
Hibernate: 
    /* insert for
        com.flow.blockfileextension.entity.CustomExtension */insert 
    into
        custom_extension (custom_extension_name) 
    values
        (?)
Hibernate: 
    /* insert for
        com.flow.blockfileextension.entity.CustomExtension */insert 
    into
        custom_extension (custom_extension_name) 
    values
        (?)
Hibernate: 
    /* insert for
        com.flow.blockfileextension.entity.CustomExtension */insert 
    into
        custom_extension (custom_extension_name) 
    values
        (?)
Hibernate: 
    /* insert for
        com.flow.blockfileextension.entity.CustomExtension */insert 
    into
        custom_extension (custom_extension_name) 
    values
        (?)
Hibernate: 
    /* insert for
        com.flow.blockfileextension.entity.CustomExtension */insert 
    into
        custom_extension (custom_extension_name) 
    values
        (?)
Hibernate: 
    /* insert for
        com.flow.blockfileextension.entity.CustomExtension */insert 
    into
        custom_extension (custom_extension_name) 
    values
        (?)
Hibernate: 
    /* insert for
        com.flow.blockfileextension.entity.CustomExtension */insert 
    into
        custom_extension (custom_extension_name) 
    values
        (?)
Hibernate: 
    /* insert for
        com.flow.blockfileextension.entity.CustomExtension */insert 
    into
        custom_extension (custom_extension_name) 
    values
        (?)
Hibernate: 
    /* insert for
        com.flow.blockfileextension.entity.CustomExtension */insert 
    into
        custom_extension (custom_extension_name) 
    values
        (?)
Hibernate: 
    /* insert for
        com.flow.blockfileextension.entity.CustomExtension */insert 
    into
        custom_extension (custom_extension_name) 
    values
        (?)
Hibernate: 
    /* insert for
        com.flow.blockfileextension.entity.CustomExtension */insert 
    into
        custom_extension (custom_extension_name) 
    values
        (?)
Hibernate: 
    /* insert for
        com.flow.blockfileextension.entity.CustomExtension */insert 
    into
        custom_extension (custom_extension_name) 
    values
        (?)
Hibernate: 
    /* insert for
        com.flow.blockfileextension.entity.CustomExtension */insert 
    into
        custom_extension (custom_extension_name) 
    values
        (?)
Hibernate: 
    /* insert for
        com.flow.blockfileextension.entity.CustomExtension */insert 
    into
        custom_extension (custom_extension_name) 
    values
        (?)
Hibernate: 
    /* insert for
        com.flow.blockfileextension.entity.CustomExtension */insert 
    into
        custom_extension (custom_extension_name) 
    values
        (?)
Hibernate: 
    /* insert for
        com.flow.blockfileextension.entity.CustomExtension */insert 
    into
        custom_extension (custom_extension_name) 
    values
        (?)
Hibernate: 
    /* insert for
        com.flow.blockfileextension.entity.CustomExtension */insert 
    into
        custom_extension (custom_extension_name) 
    values
        (?)
Hibernate: 
    /* insert for
        com.flow.blockfileextension.entity.CustomExtension */insert 
    into
        custom_extension (custom_extension_name) 
    values
        (?)
Hibernate: 
    /* insert for
        com.flow.blockfileextension.entity.CustomExtension */insert 
    into
        custom_extension (custom_extension_name) 
    values
        (?)
Hibernate: 
    /* insert for
        com.flow.blockfileextension.entity.CustomExtension */insert 
    into
        custom_extension (custom_extension_name) 
    values
        (?)
Hibernate: 
    /* insert for
        com.flow.blockfileextension.entity.CustomExtension */insert 
    into
        custom_extension (custom_extension_name) 
    values
        (?)
Hibernate: 
    /* insert for
        com.flow.blockfileextension.entity.CustomExtension */insert 
    into
        custom_extension (custom_extension_name) 
    values
        (?)
Hibernate: 
    /* insert for
        com.flow.blockfileextension.entity.CustomExtension */insert 
    into
        custom_extension (custom_extension_name) 
    values
        (?)
Hibernate: 
    /* insert for
        com.flow.blockfileextension.entity.CustomExtension */insert 
    into
        custom_extension (custom_extension_name) 
    values
        (?)
Hibernate: 
    /* insert for
        com.flow.blockfileextension.entity.CustomExtension */insert 
    into
        custom_extension (custom_extension_name) 
    values
        (?)
Hibernate: 
    /* insert for
        com.flow.blockfileextension.entity.CustomExtension */insert 
    into
        custom_extension (custom_extension_name) 
    values
        (?)
Hibernate: 
    /* insert for
        com.flow.blockfileextension.entity.CustomExtension */insert 
    into
        custom_extension (custom_extension_name) 
    values
        (?)
Hibernate: 
    /* insert for
        com.flow.blockfileextension.entity.CustomExtension */insert 
    into
        custom_extension (custom_extension_name) 
    values
        (?)
Hibernate: 
    /* insert for
        com.flow.blockfileextension.entity.CustomExtension */insert 
    into
        custom_extension (custom_extension_name) 
    values
        (?)
Hibernate: 
    /* insert for
        com.flow.blockfileextension.entity.CustomExtension */insert 
    into
        custom_extension (custom_extension_name) 
    values
        (?)
Hibernate: 
    /* insert for
        com.flow.blockfileextension.entity.CustomExtension */insert 
    into
        custom_extension (custom_extension_name) 
    values
        (?)
Hibernate: 
    /* insert for
        com.flow.blockfileextension.entity.CustomExtension */insert 
    into
        custom_extension (custom_extension_name) 
    values
        (?)
Hibernate: 
    /* insert for
        com.flow.blockfileextension.entity.CustomExtension */insert 
    into
        custom_extension (custom_extension_name) 
    values
        (?)
]]></system-out>
  <system-err><![CDATA[]]></system-err>
</testsuite>
